<?xml version="1.0" encoding="UTF-8"?>
<testsuite name="com.nike.mobileapppttpoc.MobileAppPttPocApplicationTests" tests="1" skipped="0" failures="0" errors="0" timestamp="2023-12-04T13:47:44" hostname="AP81MD6M4A594B" time="0.101">
  <properties/>
  <testcase name="contextLoads()" classname="com.nike.mobileapppttpoc.MobileAppPttPocApplicationTests" time="0.101"/>
  <system-out><![CDATA[19:17:41.113 [Test worker] DEBUG org.springframework.test.context.BootstrapUtils - Instantiating CacheAwareContextLoaderDelegate from class [org.springframework.test.context.cache.DefaultCacheAwareContextLoaderDelegate]
19:17:41.122 [Test worker] DEBUG org.springframework.test.context.BootstrapUtils - Instantiating BootstrapContext using constructor [public org.springframework.test.context.support.DefaultBootstrapContext(java.lang.Class,org.springframework.test.context.CacheAwareContextLoaderDelegate)]
19:17:41.155 [Test worker] DEBUG org.springframework.test.context.BootstrapUtils - Instantiating TestContextBootstrapper for test class [com.nike.mobileapppttpoc.MobileAppPttPocApplicationTests] from class [org.springframework.boot.test.context.SpringBootTestContextBootstrapper]
19:17:41.168 [Test worker] INFO org.springframework.boot.test.context.SpringBootTestContextBootstrapper - Neither @ContextConfiguration nor @ContextHierarchy found for test class [com.nike.mobileapppttpoc.MobileAppPttPocApplicationTests], using SpringBootContextLoader
19:17:41.171 [Test worker] DEBUG org.springframework.test.context.support.AbstractContextLoader - Did not detect default resource location for test class [com.nike.mobileapppttpoc.MobileAppPttPocApplicationTests]: class path resource [com/nike/mobileapppttpoc/MobileAppPttPocApplicationTests-context.xml] does not exist
19:17:41.172 [Test worker] DEBUG org.springframework.test.context.support.AbstractContextLoader - Did not detect default resource location for test class [com.nike.mobileapppttpoc.MobileAppPttPocApplicationTests]: class path resource [com/nike/mobileapppttpoc/MobileAppPttPocApplicationTestsContext.groovy] does not exist
19:17:41.172 [Test worker] INFO org.springframework.test.context.support.AbstractContextLoader - Could not detect default resource locations for test class [com.nike.mobileapppttpoc.MobileAppPttPocApplicationTests]: no resource found for suffixes {-context.xml, Context.groovy}.
19:17:41.173 [Test worker] INFO org.springframework.test.context.support.AnnotationConfigContextLoaderUtils - Could not detect default configuration classes for test class [com.nike.mobileapppttpoc.MobileAppPttPocApplicationTests]: MobileAppPttPocApplicationTests does not declare any static, non-private, non-final, nested classes annotated with @Configuration.
19:17:41.219 [Test worker] DEBUG org.springframework.test.context.support.ActiveProfilesUtils - Could not find an 'annotation declaring class' for annotation type [org.springframework.test.context.ActiveProfiles] and class [com.nike.mobileapppttpoc.MobileAppPttPocApplicationTests]
19:17:41.268 [Test worker] DEBUG org.springframework.context.annotation.ClassPathScanningCandidateComponentProvider - Identified candidate component class: file [/Users/MSha68/Documents/GitHub/mobileapp-ptt-poc/build/classes/java/main/com/nike/mobileapppttpoc/MobileAppPttPocApplication.class]
19:17:41.269 [Test worker] INFO org.springframework.boot.test.context.SpringBootTestContextBootstrapper - Found @SpringBootConfiguration com.nike.mobileapppttpoc.MobileAppPttPocApplication for test class com.nike.mobileapppttpoc.MobileAppPttPocApplicationTests
19:17:41.355 [Test worker] DEBUG org.springframework.boot.test.context.SpringBootTestContextBootstrapper - @TestExecutionListeners is not present for class [com.nike.mobileapppttpoc.MobileAppPttPocApplicationTests]: using defaults.
19:17:41.356 [Test worker] INFO org.springframework.boot.test.context.SpringBootTestContextBootstrapper - Loaded default TestExecutionListener class names from location [META-INF/spring.factories]: [org.springframework.boot.test.autoconfigure.restdocs.RestDocsTestExecutionListener, org.springframework.boot.test.autoconfigure.web.client.MockRestServiceServerResetTestExecutionListener, org.springframework.boot.test.autoconfigure.web.servlet.MockMvcPrintOnlyOnFailureTestExecutionListener, org.springframework.boot.test.autoconfigure.web.servlet.WebDriverTestExecutionListener, org.springframework.boot.test.autoconfigure.webservices.client.MockWebServiceServerTestExecutionListener, org.springframework.boot.test.mock.mockito.MockitoTestExecutionListener, org.springframework.boot.test.mock.mockito.ResetMocksTestExecutionListener, org.springframework.test.context.web.ServletTestExecutionListener, org.springframework.test.context.support.DirtiesContextBeforeModesTestExecutionListener, org.springframework.test.context.event.ApplicationEventsTestExecutionListener, org.springframework.test.context.support.DependencyInjectionTestExecutionListener, org.springframework.test.context.support.DirtiesContextTestExecutionListener, org.springframework.test.context.transaction.TransactionalTestExecutionListener, org.springframework.test.context.jdbc.SqlScriptsTestExecutionListener, org.springframework.test.context.event.EventPublishingTestExecutionListener]
19:17:41.375 [Test worker] INFO org.springframework.boot.test.context.SpringBootTestContextBootstrapper - Using TestExecutionListeners: [org.springframework.test.context.web.ServletTestExecutionListener@588ab592, org.springframework.test.context.support.DirtiesContextBeforeModesTestExecutionListener@c8b96ec, org.springframework.test.context.event.ApplicationEventsTestExecutionListener@4cc61eb1, org.springframework.boot.test.mock.mockito.MockitoTestExecutionListener@2d8f2f3a, org.springframework.boot.test.autoconfigure.SpringBootDependencyInjectionTestExecutionListener@2024293c, org.springframework.test.context.support.DirtiesContextTestExecutionListener@7048f722, org.springframework.test.context.transaction.TransactionalTestExecutionListener@c074c0c, org.springframework.test.context.jdbc.SqlScriptsTestExecutionListener@58a55449, org.springframework.test.context.event.EventPublishingTestExecutionListener@5949eba8, org.springframework.boot.test.autoconfigure.restdocs.RestDocsTestExecutionListener@6e0ff644, org.springframework.boot.test.autoconfigure.web.client.MockRestServiceServerResetTestExecutionListener@58dea0a5, org.springframework.boot.test.autoconfigure.web.servlet.MockMvcPrintOnlyOnFailureTestExecutionListener@2a2bb0eb, org.springframework.boot.test.autoconfigure.web.servlet.WebDriverTestExecutionListener@3c291aad, org.springframework.boot.test.autoconfigure.webservices.client.MockWebServiceServerTestExecutionListener@2d0566ba, org.springframework.boot.test.mock.mockito.ResetMocksTestExecutionListener@733037]
19:17:41.389 [Test worker] DEBUG org.springframework.test.context.support.AbstractDirtiesContextTestExecutionListener - Before test class: context [DefaultTestContext@1bc53649 testClass = MobileAppPttPocApplicationTests, testInstance = [null], testMethod = [null], testException = [null], mergedContextConfiguration = [WebMergedContextConfiguration@88d6f9b testClass = MobileAppPttPocApplicationTests, locations = '{}', classes = '{class com.nike.mobileapppttpoc.MobileAppPttPocApplication}', contextInitializerClasses = '[]', activeProfiles = '{}', propertySourceLocations = '{}', propertySourceProperties = '{org.springframework.boot.test.context.SpringBootTestContextBootstrapper=true}', contextCustomizers = set[org.springframework.boot.test.autoconfigure.actuate.metrics.MetricsExportContextCustomizerFactory$DisableMetricExportContextCustomizer@75390459, org.springframework.boot.test.autoconfigure.properties.PropertyMappingContextCustomizer@0, org.springframework.boot.test.autoconfigure.web.servlet.WebDriverContextCustomizerFactory$Customizer@2fc0cc3, org.springframework.boot.test.context.filter.ExcludeFilterContextCustomizer@75459c75, org.springframework.boot.test.json.DuplicateJsonObjectContextCustomizerFactory$DuplicateJsonObjectContextCustomizer@b78a709, org.springframework.boot.test.mock.mockito.MockitoContextCustomizer@0, org.springframework.boot.test.web.client.TestRestTemplateContextCustomizer@41e350f1, org.springframework.boot.test.context.SpringBootTestArgs@1, org.springframework.boot.test.context.SpringBootTestWebEnvironment@70e38ce1], resourceBasePath = 'src/main/webapp', contextLoader = 'org.springframework.boot.test.context.SpringBootContextLoader', parent = [null]], attributes = map['org.springframework.test.context.web.ServletTestExecutionListener.activateListener' -> true]], class annotated with @DirtiesContext [false] with mode [null].

  .   ____          _            __ _ _
 /\\ / ___'_ __ _ _(_)_ __  __ _ \ \ \ \
( ( )\___ | '_ | '_| | '_ \/ _` | \ \ \ \
 \\/  ___)| |_)| | | | | || (_| |  ) ) ) )
  '  |____| .__|_| |_|_| |_\__, | / / / /
 =========|_|==============|___/=/_/_/_/
 :: Spring Boot ::               (v2.7.17)

2023-12-04 19:17:41.674  INFO 20174 --- [    Test worker] c.n.m.MobileAppPttPocApplicationTests    : Starting MobileAppPttPocApplicationTests using Java 11.0.20.1 on AP81MD6M4A594B with PID 20174 (started by MSha68 in /Users/MSha68/Documents/GitHub/mobileapp-ptt-poc)
2023-12-04 19:17:41.675  INFO 20174 --- [    Test worker] c.n.m.MobileAppPttPocApplicationTests    : No active profile set, falling back to 1 default profile: "default"
2023-12-04 19:17:42.202  INFO 20174 --- [    Test worker] .s.d.r.c.RepositoryConfigurationDelegate : Bootstrapping Spring Data JPA repositories in DEFAULT mode.
2023-12-04 19:17:42.252  INFO 20174 --- [    Test worker] .s.d.r.c.RepositoryConfigurationDelegate : Finished Spring Data repository scanning in 43 ms. Found 3 JPA repository interfaces.
2023-12-04 19:17:42.673  INFO 20174 --- [    Test worker] com.zaxxer.hikari.HikariDataSource       : HikariPool-1 - Starting...
2023-12-04 19:17:42.850  INFO 20174 --- [    Test worker] com.zaxxer.hikari.HikariDataSource       : HikariPool-1 - Start completed.
2023-12-04 19:17:42.919  INFO 20174 --- [    Test worker] o.hibernate.jpa.internal.util.LogHelper  : HHH000204: Processing PersistenceUnitInfo [name: default]
2023-12-04 19:17:42.969  INFO 20174 --- [    Test worker] org.hibernate.Version                    : HHH000412: Hibernate ORM core version 5.6.15.Final
2023-12-04 19:17:43.159  INFO 20174 --- [    Test worker] o.hibernate.annotations.common.Version   : HCANN000001: Hibernate Commons Annotations {5.1.2.Final}
2023-12-04 19:17:43.257  INFO 20174 --- [    Test worker] org.hibernate.dialect.Dialect            : HHH000400: Using dialect: org.hibernate.dialect.H2Dialect
2023-12-04 19:17:43.784  INFO 20174 --- [    Test worker] o.h.e.t.j.p.i.JtaPlatformInitiator       : HHH000490: Using JtaPlatform implementation: [org.hibernate.engine.transaction.jta.platform.internal.NoJtaPlatform]
2023-12-04 19:17:43.793  INFO 20174 --- [    Test worker] j.LocalContainerEntityManagerFactoryBean : Initialized JPA EntityManagerFactory for persistence unit 'default'
2023-12-04 19:17:44.461  WARN 20174 --- [    Test worker] JpaBaseConfiguration$JpaWebConfiguration : spring.jpa.open-in-view is enabled by default. Therefore, database queries may be performed during view rendering. Explicitly configure spring.jpa.open-in-view to disable this warning
2023-12-04 19:17:44.694  INFO 20174 --- [    Test worker] o.s.b.a.h2.H2ConsoleAutoConfiguration    : H2 console available at '/h2-console'. Database available at 'jdbc:h2:mem:pttdb'
2023-12-04 19:17:44.977  INFO 20174 --- [    Test worker] c.n.m.MobileAppPttPocApplicationTests    : Started MobileAppPttPocApplicationTests in 3.548 seconds (JVM running for 4.635)
]]></system-out>
  <system-err><![CDATA[]]></system-err>
</testsuite>
