<?xml version="1.0" encoding="UTF-8"?>
<testsuite name="com.nike.mobileapppttpoc.MobileAppPttPocApplicationTests" tests="1" skipped="0" failures="0" errors="0" timestamp="2023-12-05T12:34:24" hostname="AP81MD6M4A594B" time="0.113">
  <properties/>
  <testcase name="contextLoads()" classname="com.nike.mobileapppttpoc.MobileAppPttPocApplicationTests" time="0.113"/>
  <system-out><![CDATA[18:04:19.790 [Test worker] DEBUG org.springframework.test.context.BootstrapUtils - Instantiating CacheAwareContextLoaderDelegate from class [org.springframework.test.context.cache.DefaultCacheAwareContextLoaderDelegate]
18:04:19.801 [Test worker] DEBUG org.springframework.test.context.BootstrapUtils - Instantiating BootstrapContext using constructor [public org.springframework.test.context.support.DefaultBootstrapContext(java.lang.Class,org.springframework.test.context.CacheAwareContextLoaderDelegate)]
18:04:19.838 [Test worker] DEBUG org.springframework.test.context.BootstrapUtils - Instantiating TestContextBootstrapper for test class [com.nike.mobileapppttpoc.MobileAppPttPocApplicationTests] from class [org.springframework.boot.test.context.SpringBootTestContextBootstrapper]
18:04:19.853 [Test worker] INFO org.springframework.boot.test.context.SpringBootTestContextBootstrapper - Neither @ContextConfiguration nor @ContextHierarchy found for test class [com.nike.mobileapppttpoc.MobileAppPttPocApplicationTests], using SpringBootContextLoader
18:04:19.857 [Test worker] DEBUG org.springframework.test.context.support.AbstractContextLoader - Did not detect default resource location for test class [com.nike.mobileapppttpoc.MobileAppPttPocApplicationTests]: class path resource [com/nike/mobileapppttpoc/MobileAppPttPocApplicationTests-context.xml] does not exist
18:04:19.858 [Test worker] DEBUG org.springframework.test.context.support.AbstractContextLoader - Did not detect default resource location for test class [com.nike.mobileapppttpoc.MobileAppPttPocApplicationTests]: class path resource [com/nike/mobileapppttpoc/MobileAppPttPocApplicationTestsContext.groovy] does not exist
18:04:19.859 [Test worker] INFO org.springframework.test.context.support.AbstractContextLoader - Could not detect default resource locations for test class [com.nike.mobileapppttpoc.MobileAppPttPocApplicationTests]: no resource found for suffixes {-context.xml, Context.groovy}.
18:04:19.860 [Test worker] INFO org.springframework.test.context.support.AnnotationConfigContextLoaderUtils - Could not detect default configuration classes for test class [com.nike.mobileapppttpoc.MobileAppPttPocApplicationTests]: MobileAppPttPocApplicationTests does not declare any static, non-private, non-final, nested classes annotated with @Configuration.
18:04:19.915 [Test worker] DEBUG org.springframework.test.context.support.ActiveProfilesUtils - Could not find an 'annotation declaring class' for annotation type [org.springframework.test.context.ActiveProfiles] and class [com.nike.mobileapppttpoc.MobileAppPttPocApplicationTests]
18:04:19.980 [Test worker] DEBUG org.springframework.context.annotation.ClassPathScanningCandidateComponentProvider - Identified candidate component class: file [/Users/MSha68/Documents/GitHub/mobileapp-ptt-poc/build/classes/java/main/com/nike/mobileapppttpoc/MobileAppPttPocApplication.class]
18:04:19.981 [Test worker] INFO org.springframework.boot.test.context.SpringBootTestContextBootstrapper - Found @SpringBootConfiguration com.nike.mobileapppttpoc.MobileAppPttPocApplication for test class com.nike.mobileapppttpoc.MobileAppPttPocApplicationTests
18:04:20.101 [Test worker] DEBUG org.springframework.boot.test.context.SpringBootTestContextBootstrapper - @TestExecutionListeners is not present for class [com.nike.mobileapppttpoc.MobileAppPttPocApplicationTests]: using defaults.
18:04:20.102 [Test worker] INFO org.springframework.boot.test.context.SpringBootTestContextBootstrapper - Loaded default TestExecutionListener class names from location [META-INF/spring.factories]: [org.springframework.boot.test.autoconfigure.restdocs.RestDocsTestExecutionListener, org.springframework.boot.test.autoconfigure.web.client.MockRestServiceServerResetTestExecutionListener, org.springframework.boot.test.autoconfigure.web.servlet.MockMvcPrintOnlyOnFailureTestExecutionListener, org.springframework.boot.test.autoconfigure.web.servlet.WebDriverTestExecutionListener, org.springframework.boot.test.autoconfigure.webservices.client.MockWebServiceServerTestExecutionListener, org.springframework.boot.test.mock.mockito.MockitoTestExecutionListener, org.springframework.boot.test.mock.mockito.ResetMocksTestExecutionListener, org.springframework.test.context.web.ServletTestExecutionListener, org.springframework.test.context.support.DirtiesContextBeforeModesTestExecutionListener, org.springframework.test.context.event.ApplicationEventsTestExecutionListener, org.springframework.test.context.support.DependencyInjectionTestExecutionListener, org.springframework.test.context.support.DirtiesContextTestExecutionListener, org.springframework.test.context.transaction.TransactionalTestExecutionListener, org.springframework.test.context.jdbc.SqlScriptsTestExecutionListener, org.springframework.test.context.event.EventPublishingTestExecutionListener]
18:04:20.126 [Test worker] INFO org.springframework.boot.test.context.SpringBootTestContextBootstrapper - Using TestExecutionListeners: [org.springframework.test.context.web.ServletTestExecutionListener@74d7184a, org.springframework.test.context.support.DirtiesContextBeforeModesTestExecutionListener@51b01960, org.springframework.test.context.event.ApplicationEventsTestExecutionListener@6831d8fd, org.springframework.boot.test.mock.mockito.MockitoTestExecutionListener@27dc79f7, org.springframework.boot.test.autoconfigure.SpringBootDependencyInjectionTestExecutionListener@6b85300e, org.springframework.test.context.support.DirtiesContextTestExecutionListener@3aaf4f07, org.springframework.test.context.transaction.TransactionalTestExecutionListener@5cbf9e9f, org.springframework.test.context.jdbc.SqlScriptsTestExecutionListener@18e8473e, org.springframework.test.context.event.EventPublishingTestExecutionListener@5a2f016d, org.springframework.boot.test.autoconfigure.restdocs.RestDocsTestExecutionListener@1a38ba58, org.springframework.boot.test.autoconfigure.web.client.MockRestServiceServerResetTestExecutionListener@3ad394e6, org.springframework.boot.test.autoconfigure.web.servlet.MockMvcPrintOnlyOnFailureTestExecutionListener@6058e535, org.springframework.boot.test.autoconfigure.web.servlet.WebDriverTestExecutionListener@42deb43a, org.springframework.boot.test.autoconfigure.webservices.client.MockWebServiceServerTestExecutionListener@1deb2c43, org.springframework.boot.test.mock.mockito.ResetMocksTestExecutionListener@3bb9efbc]
18:04:20.130 [Test worker] DEBUG org.springframework.test.context.support.AbstractDirtiesContextTestExecutionListener - Before test class: context [DefaultTestContext@33d05366 testClass = MobileAppPttPocApplicationTests, testInstance = [null], testMethod = [null], testException = [null], mergedContextConfiguration = [WebMergedContextConfiguration@27a0a5a2 testClass = MobileAppPttPocApplicationTests, locations = '{}', classes = '{class com.nike.mobileapppttpoc.MobileAppPttPocApplication}', contextInitializerClasses = '[]', activeProfiles = '{}', propertySourceLocations = '{}', propertySourceProperties = '{org.springframework.boot.test.context.SpringBootTestContextBootstrapper=true}', contextCustomizers = set[org.springframework.boot.test.autoconfigure.actuate.metrics.MetricsExportContextCustomizerFactory$DisableMetricExportContextCustomizer@45c8d09f, org.springframework.boot.test.autoconfigure.properties.PropertyMappingContextCustomizer@0, org.springframework.boot.test.autoconfigure.web.servlet.WebDriverContextCustomizerFactory$Customizer@5c3b6c6e, org.springframework.boot.test.context.filter.ExcludeFilterContextCustomizer@12bcd0c0, org.springframework.boot.test.json.DuplicateJsonObjectContextCustomizerFactory$DuplicateJsonObjectContextCustomizer@4678a2eb, org.springframework.boot.test.mock.mockito.MockitoContextCustomizer@0, org.springframework.boot.test.web.client.TestRestTemplateContextCustomizer@192d74fb, org.springframework.boot.test.context.SpringBootTestArgs@1, org.springframework.boot.test.context.SpringBootTestWebEnvironment@723e88f9], resourceBasePath = 'src/main/webapp', contextLoader = 'org.springframework.boot.test.context.SpringBootContextLoader', parent = [null]], attributes = map['org.springframework.test.context.web.ServletTestExecutionListener.activateListener' -> true]], class annotated with @DirtiesContext [false] with mode [null].

  .   ____          _            __ _ _
 /\\ / ___'_ __ _ _(_)_ __  __ _ \ \ \ \
( ( )\___ | '_ | '_| | '_ \/ _` | \ \ \ \
 \\/  ___)| |_)| | | | | || (_| |  ) ) ) )
  '  |____| .__|_| |_|_| |_\__, | / / / /
 =========|_|==============|___/=/_/_/_/
 :: Spring Boot ::               (v2.7.17)

2023-12-05 18:04:20.695  INFO 38955 --- [    Test worker] c.n.m.MobileAppPttPocApplicationTests    : Starting MobileAppPttPocApplicationTests using Java 11.0.20.1 on AP81MD6M4A594B with PID 38955 (started by MSha68 in /Users/MSha68/Documents/GitHub/mobileapp-ptt-poc)
2023-12-05 18:04:20.697  INFO 38955 --- [    Test worker] c.n.m.MobileAppPttPocApplicationTests    : No active profile set, falling back to 1 default profile: "default"
2023-12-05 18:04:21.312  INFO 38955 --- [    Test worker] .s.d.r.c.RepositoryConfigurationDelegate : Bootstrapping Spring Data JPA repositories in DEFAULT mode.
2023-12-05 18:04:21.371  INFO 38955 --- [    Test worker] .s.d.r.c.RepositoryConfigurationDelegate : Finished Spring Data repository scanning in 51 ms. Found 3 JPA repository interfaces.
2023-12-05 18:04:21.887  INFO 38955 --- [    Test worker] com.zaxxer.hikari.HikariDataSource       : HikariPool-1 - Starting...
2023-12-05 18:04:22.097  INFO 38955 --- [    Test worker] com.zaxxer.hikari.HikariDataSource       : HikariPool-1 - Start completed.
2023-12-05 18:04:22.169  INFO 38955 --- [    Test worker] o.hibernate.jpa.internal.util.LogHelper  : HHH000204: Processing PersistenceUnitInfo [name: default]
2023-12-05 18:04:22.231  INFO 38955 --- [    Test worker] org.hibernate.Version                    : HHH000412: Hibernate ORM core version 5.6.15.Final
2023-12-05 18:04:22.453  INFO 38955 --- [    Test worker] o.hibernate.annotations.common.Version   : HCANN000001: Hibernate Commons Annotations {5.1.2.Final}
2023-12-05 18:04:22.571  INFO 38955 --- [    Test worker] org.hibernate.dialect.Dialect            : HHH000400: Using dialect: org.hibernate.dialect.H2Dialect
2023-12-05 18:04:23.195  INFO 38955 --- [    Test worker] o.h.e.t.j.p.i.JtaPlatformInitiator       : HHH000490: Using JtaPlatform implementation: [org.hibernate.engine.transaction.jta.platform.internal.NoJtaPlatform]
2023-12-05 18:04:23.204  INFO 38955 --- [    Test worker] j.LocalContainerEntityManagerFactoryBean : Initialized JPA EntityManagerFactory for persistence unit 'default'
2023-12-05 18:04:24.012  WARN 38955 --- [    Test worker] JpaBaseConfiguration$JpaWebConfiguration : spring.jpa.open-in-view is enabled by default. Therefore, database queries may be performed during view rendering. Explicitly configure spring.jpa.open-in-view to disable this warning
2023-12-05 18:04:24.272  INFO 38955 --- [    Test worker] o.s.b.a.h2.H2ConsoleAutoConfiguration    : H2 console available at '/h2-console'. Database available at 'jdbc:h2:mem:pttdb'
2023-12-05 18:04:24.624  INFO 38955 --- [    Test worker] c.n.m.MobileAppPttPocApplicationTests    : Started MobileAppPttPocApplicationTests in 4.44 seconds (JVM running for 5.733)
]]></system-out>
  <system-err><![CDATA[]]></system-err>
</testsuite>
